5/17/2024 12:47:21 PM	This log contains information about the import schema operation into project 'Database' on computer 'DESKTOP-IF8GSQ0' by user 'ella'.
5/17/2024 12:47:22 PM	Import of database schema has started.
5/17/2024 12:47:33 PM	Gathering database credentials
5/17/2024 12:47:33 PM	Gathering database options
5/17/2024 12:47:33 PM	Gathering generic database scoped configuration option
5/17/2024 12:47:33 PM	Gathering users
5/17/2024 12:47:33 PM	Gathering roles
5/17/2024 12:47:33 PM	Gathering application roles
5/17/2024 12:47:33 PM	Gathering role memberships
5/17/2024 12:47:33 PM	Gathering filegroups
5/17/2024 12:47:33 PM	Gathering full-text catalogs
5/17/2024 12:47:33 PM	Gathering assemblies
5/17/2024 12:47:33 PM	Gathering certificates
5/17/2024 12:47:33 PM	Gathering asymmetric keys
5/17/2024 12:47:33 PM	Gathering symmetric keys
5/17/2024 12:47:33 PM	Gathering encrypted symmetric keys
5/17/2024 12:47:33 PM	Gathering schemas
5/17/2024 12:47:33 PM	Gathering XML schema collections
5/17/2024 12:47:33 PM	Gathering user-defined data types
5/17/2024 12:47:33 PM	Gathering user-defined types
5/17/2024 12:47:33 PM	Gathering table types
5/17/2024 12:47:33 PM	Gathering unique keys for table types
5/17/2024 12:47:33 PM	Gathering primary keys for table types
5/17/2024 12:47:33 PM	Gathering indexes for table types
5/17/2024 12:47:34 PM	Gathering check constraints for table types
5/17/2024 12:47:34 PM	Gathering default constraints for table types
5/17/2024 12:47:34 PM	Gathering partition functions
5/17/2024 12:47:34 PM	Gathering partition schemes
5/17/2024 12:47:34 PM	Gathering functions
5/17/2024 12:47:34 PM	Gathering encrypted functions
5/17/2024 12:47:34 PM	Gathering aggregates
5/17/2024 12:47:34 PM	Gathering procedures
5/17/2024 12:47:34 PM	Gathering encrypted procedures
5/17/2024 12:47:34 PM	Gathering tables
5/17/2024 12:47:34 PM	Gathering primary keys
5/17/2024 12:47:34 PM	Gathering unique constraints
5/17/2024 12:47:34 PM	Gathering foreign keys
5/17/2024 12:47:34 PM	Gathering default constraints
5/17/2024 12:47:34 PM	Gathering check constraints
5/17/2024 12:47:34 PM	Gathering views
5/17/2024 12:47:34 PM	Gathering encrypted views
5/17/2024 12:47:34 PM	Gathering indexes
5/17/2024 12:47:34 PM	Gathering statistics
5/17/2024 12:47:34 PM	Gathering full-text index stoplists
5/17/2024 12:47:34 PM	Gathering search property lists
5/17/2024 12:47:34 PM	Gathering search properties
5/17/2024 12:47:34 PM	Gathering full-text indexes
5/17/2024 12:47:34 PM	Gathering column store indexes
5/17/2024 12:47:34 PM	Gathering spatial indexes
5/17/2024 12:47:34 PM	Gathering XML indexes
5/17/2024 12:47:34 PM	Gathering Selective XML indexes
5/17/2024 12:47:34 PM	Gathering encrypted triggers
5/17/2024 12:47:34 PM	Gathering triggers
5/17/2024 12:47:34 PM	Gathering encrypted and clr ddl triggers
5/17/2024 12:47:34 PM	Gathering ddl triggers
5/17/2024 12:47:34 PM	Creating edge constraints
5/17/2024 12:47:34 PM	Gathering synonyms
5/17/2024 12:47:34 PM	Gathering defaults
5/17/2024 12:47:34 PM	Gathering data constraint uddt bindings
5/17/2024 12:47:34 PM	Gathering rules
5/17/2024 12:47:34 PM	Gathering data constraint uddt bindings
5/17/2024 12:47:34 PM	Gathering message types
5/17/2024 12:47:34 PM	Gathering queues
5/17/2024 12:47:34 PM	Gathering contracts
5/17/2024 12:47:34 PM	Gathering services
5/17/2024 12:47:34 PM	Gathering event notifications
5/17/2024 12:47:34 PM	Gathering remote service bindings
5/17/2024 12:47:34 PM	Gathering broker priorities
5/17/2024 12:47:34 PM	Gathering signatures
5/17/2024 12:47:34 PM	Gathering data compression options
5/17/2024 12:47:34 PM	Gathering sequence types
5/17/2024 12:47:34 PM	Gathering security policies
5/17/2024 12:47:34 PM	Gather column encryption keys
5/17/2024 12:47:34 PM	Gathering column master keys
5/17/2024 12:47:34 PM	Gathering external data sources
5/17/2024 12:47:34 PM	Gathering external file formats
5/17/2024 12:47:34 PM	Gathering external tables
5/17/2024 12:47:34 PM	Gathering database permissions
5/17/2024 12:47:34 PM	Gathering extended properties
5/17/2024 12:47:35 PM	Gathering credentials
5/17/2024 12:47:35 PM	Gathering logins
5/17/2024 12:47:35 PM	Gathering server audits
5/17/2024 12:47:38 PM	Scanning project for duplicate elements
5/17/2024 12:47:39 PM	Finished duplicate element processing
5/17/2024 12:47:40 PM	Finished importing database.
5/17/2024 12:47:40 PM	A summary of the import was saved to the following location: C:\Users\ella\source\repos\FlightFilterApp\FlightFilterApp.DataAccess\Database\Import Schema Logs\Database_20240517091721.log
5/17/2024 12:47:40 PM	Click Finish to continue...
